app/build/outputs/logs/manifest-merger-debug-report.txt
-- Merging decision tree log ---
manifest
ADDED from src\main\AndroidManifest.xml:2:1-108:12
INJECTED from src\main\AndroidManifest.xml:2:1-108:12
INJECTED from src\main\AndroidManifest.xml:2:1-108:12
INJECTED from src\main\AndroidManifest.xml:2:1-108:12
MERGED from [com.github.devlight:infinitecycleviewpager:1.0.2] AndroidManifest.xml:2:1-11:12
MERGED from [io.gloxey.cfv:custom-font-views:1.0.2] AndroidManifest.xml:2:1-16:12
MERGED from [com.github.devlight.navigationtabstrip:navigationtabstrip:1.0.4] AndroidManifest.xml:14:1-29:12
MERGED from [com.firebaseui:firebase-ui:3.3.1] AndroidManifest.xml:2:1-15:12
MERGED from [com.firebaseui:firebase-ui-auth:3.3.1] AndroidManifest.xml:2:1-93:12
MERGED from [com.android.support:customtabs:27.1.0] AndroidManifest.xml:17:1-22:12
MERGED from [com.android.support:design:27.1.1] AndroidManifest.xml:17:1-22:12
MERGED from [com.android.support:appcompat-v7:27.1.1] AndroidManifest.xml:17:1-22:12
MERGED from [com.android.support:cardview-v7:27.1.1] AndroidManifest.xml:17:1-22:12
MERGED from [com.sothree.slidinguppanel:library:3.4.0] AndroidManifest.xml:2:1-11:12
MERGED from [com.google.android.gms:play-services-identity:15.0.1] AndroidManifest.xml:17:1-24:12
MERGED from [com.google.android.gms:play-services-places:15.0.1] AndroidManifest.xml:17:1-24:12
MERGED from [com.firebaseui:firebase-ui-database:3.3.1] AndroidManifest.xml:2:1-13:12
MERGED from [com.google.firebase:firebase-database:15.0.0] AndroidManifest.xml:2:1-8:12
MERGED from [com.google.firebase:firebase-crash:15.0.2] AndroidManifest.xml:17:1-27:12
MERGED from [com.google.android.gms:play-services-maps:15.0.1] AndroidManifest.xml:17:1-32:12
MERGED from [com.google.firebase:firebase-auth:15.1.0] AndroidManifest.xml:17:1-38:12
MERGED from [com.google.android.gms:play-services-flags:15.0.1] AndroidManifest.xml:17:1-22:12
MERGED from [com.google.firebase:firebase-core:15.0.2] AndroidManifest.xml:2:1-9:12
MERGED from [com.google.firebase:firebase-measurement-connector-impl:15.0.0] AndroidManifest.xml:17:1-34:12
MERGED from [com.google.firebase:firebase-database-connection:15.0.0] AndroidManifest.xml:2:1-8:12
MERGED from [com.firebaseui:firebase-ui-firestore:3.3.1] AndroidManifest.xml:2:1-13:12
MERGED from [com.google.firebase:firebase-firestore:15.0.0] AndroidManifest.xml:2:1-8:12
MERGED from [com.firebaseui:firebase-ui-storage:3.3.1] AndroidManifest.xml:2:1-11:12
MERGED from [com.google.firebase:firebase-storage:15.0.2] AndroidManifest.xml:2:1-8:12
MERGED from [com.google.firebase:firebase-analytics:15.0.2] AndroidManifest.xml:17:1-55:12
MERGED from [com.google.firebase:firebase-analytics-impl:15.0.2] AndroidManifest.xml:17:1-41:12
MERGED from [com.google.firebase:firebase-iid:15.1.0] AndroidManifest.xml:17:1-65:12
MERGED from [com.google.firebase:firebase-iid-interop:15.0.0] AndroidManifest.xml:2:1-10:12
MERGED from [com.google.firebase:firebase-auth-interop:15.0.2] AndroidManifest.xml:2:1-10:12
MERGED from [com.google.android.gms:play-services-auth:15.0.1] AndroidManifest.xml:17:1-39:12
MERGED from [com.google.android.gms:play-services-auth-api-phone:15.0.1] AndroidManifest.xml:2:1-7:12
MERGED from [com.google.android.gms:play-services-auth-base:15.0.1] AndroidManifest.xml:2:1-7:12
MERGED from [com.google.android.gms:play-services-base:15.0.1] AndroidManifest.xml:17:1-29:12
MERGED from [com.google.firebase:firebase-common:15.0.1] AndroidManifest.xml:2:1-15:12
MERGED from [com.google.android.gms:play-services-tasks:15.0.1] AndroidManifest.xml:2:1-9:12
MERGED from [com.google.android.gms:play-services-places-placereport:15.0.1] AndroidManifest.xml:17:1-24:12
MERGED from [com.google.firebase:firebase-database-collection:15.0.1] AndroidManifest.xml:2:1-8:12
MERGED from [com.google.android.gms:play-services-stats:15.0.1] AndroidManifest.xml:2:1-9:12
MERGED from [com.google.firebase:firebase-measurement-connector:15.0.0] AndroidManifest.xml:17:1-25:12
MERGED from [com.google.android.gms:play-services-ads-identifier:15.0.1] AndroidManifest.xml:17:1-24:12
MERGED from [com.google.firebase:firebase-storage-common:15.0.2] AndroidManifest.xml:2:1-8:12
MERGED from [com.google.android.gms:play-services-basement:15.0.1] AndroidManifest.xml:17:1-28:12
MERGED from [com.android.support:support-v4:27.1.1] AndroidManifest.xml:17:1-22:12
MERGED from [com.firebaseui:firebase-ui-common:3.3.1] AndroidManifest.xml:2:1-11:12
MERGED from [android.arch.lifecycle:extensions:1.1.0] AndroidManifest.xml:17:1-30:12
MERGED from [com.android.support:support-media-compat:27.1.1] AndroidManifest.xml:17:1-22:12
MERGED from [com.android.support:recyclerview-v7:27.1.1] AndroidManifest.xml:17:1-22:12
MERGED from [com.android.support:animated-vector-drawable:27.1.1] AndroidManifest.xml:17:1-22:12
MERGED from [com.github.bumptech.glide:glide:4.6.1] AndroidManifest.xml:2:1-13:12
MERGED from [com.android.support:support-fragment:27.1.1] AndroidManifest.xml:17:1-22:12
MERGED from [com.android.support:support-core-ui:27.1.1] AndroidManifest.xml:17:1-22:12
MERGED from [com.android.support:support-core-utils:27.1.1] AndroidManifest.xml:17:1-22:12
MERGED from [com.android.support:support-vector-drawable:27.1.1] AndroidManifest.xml:17:1-22:12
MERGED from [com.android.support:transition:27.1.1] AndroidManifest.xml:17:1-22:12
MERGED from [com.android.support:support-compat:27.1.1] AndroidManifest.xml:17:1-22:12
MERGED from [android.arch.lifecycle:runtime:1.1.0] AndroidManifest.xml:17:1-22:12
MERGED from [android.arch.lifecycle:livedata:1.1.0] AndroidManifest.xml:17:1-22:12
MERGED from [android.arch.lifecycle:livedata-core:1.1.0] AndroidManifest.xml:17:1-22:12
MERGED from [android.arch.core:runtime:1.1.0] AndroidManifest.xml:17:1-22:12
MERGED from [android.arch.lifecycle:viewmodel:1.1.0] AndroidManifest.xml:17:1-22:12
MERGED from [com.github.bumptech.glide:gifdecoder:4.6.1] AndroidManifest.xml:2:1-11:12
MERGED from [com.android.support.constraint:constraint-layout:1.1.0] AndroidManifest.xml:2:1-11:12
MERGED from [de.hdodenhof:circleimageview:2.0.0] AndroidManifest.xml:2:1-11:12
MERGED from [com.github.stankoutils:app:1.3.10] AndroidManifest.xml:2:1-16:12
MERGED from [pl.droidsonroids.gif:android-gif-drawable:1.2.12] AndroidManifest.xml:2:1-11:12
MERGED from [com.google.android.gms:play-services-measurement-base:15.0.2] AndroidManifest.xml:17:1-24:12
INJECTED from src\main\AndroidManifest.xml:2:1-108:12
INJECTED from src\main\AndroidManifest.xml:2:1-108:12
INJECTED from src\main\AndroidManifest.xml:2:1-108:12
	package
		ADDED from src\main\AndroidManifest.xml:3:5-33
		INJECTED from src\main\AndroidManifest.xml
		INJECTED from src\main\AndroidManifest.xml
	android:versionName
		INJECTED from src\main\AndroidManifest.xml
		ADDED from src\main\AndroidManifest.xml:2:1-108:12
		INJECTED from src\main\AndroidManifest.xml
	android:versionCode
		INJECTED from src\main\AndroidManifest.xml
		ADDED from src\main\AndroidManifest.xml:2:1-108:12
		INJECTED from src\main\AndroidManifest.xml
	xmlns:android
		ADDED from src\main\AndroidManifest.xml:2:11-69
uses-permission#android.permission.INTERNET
ADDED from src\main\AndroidManifest.xml:5:5-67
MERGED from [com.firebaseui:firebase-ui:3.3.1] AndroidManifest.xml:11:5-67
MERGED from [com.firebaseui:firebase-ui:3.3.1] AndroidManifest.xml:11:5-67
MERGED from [com.firebaseui:firebase-ui-auth:3.3.1] AndroidManifest.xml:13:5-67
MERGED from [com.firebaseui:firebase-ui-auth:3.3.1] AndroidManifest.xml:13:5-67
MERGED from [com.firebaseui:firebase-ui-database:3.3.1] AndroidManifest.xml:11:5-67
MERGED from [com.firebaseui:firebase-ui-database:3.3.1] AndroidManifest.xml:11:5-67
MERGED from [com.google.firebase:firebase-crash:15.0.2] AndroidManifest.xml:22:5-67
MERGED from [com.google.firebase:firebase-crash:15.0.2] AndroidManifest.xml:22:5-67
MERGED from [com.google.android.gms:play-services-maps:15.0.1] AndroidManifest.xml:24:5-67
MERGED from [com.google.android.gms:play-services-maps:15.0.1] AndroidManifest.xml:24:5-67
MERGED from [com.google.firebase:firebase-measurement-connector-impl:15.0.0] AndroidManifest.xml:22:5-67
MERGED from [com.google.firebase:firebase-measurement-connector-impl:15.0.0] AndroidManifest.xml:22:5-67
MERGED from [com.firebaseui:firebase-ui-firestore:3.3.1] AndroidManifest.xml:11:5-67
MERGED from [com.firebaseui:firebase-ui-firestore:3.3.1] AndroidManifest.xml:11:5-67
MERGED from [com.google.firebase:firebase-analytics:15.0.2] AndroidManifest.xml:23:5-67
MERGED from [com.google.firebase:firebase-analytics:15.0.2] AndroidManifest.xml:23:5-67
MERGED from [com.google.firebase:firebase-analytics-impl:15.0.2] AndroidManifest.xml:23:5-67
MERGED from [com.google.firebase:firebase-analytics-impl:15.0.2] AndroidManifest.xml:23:5-67
MERGED from [com.google.firebase:firebase-iid:15.1.0] AndroidManifest.xml:23:5-67
MERGED from [com.google.firebase:firebase-iid:15.1.0] AndroidManifest.xml:23:5-67
MERGED from [com.github.stankoutils:app:1.3.10] AndroidManifest.xml:11:5-67
MERGED from [com.github.stankoutils:app:1.3.10] AndroidManifest.xml:11:5-67
	android:name
		ADDED from src\main\AndroidManifest.xml:5:22-64
uses-permission#android.permission.WRITE_EXTERNAL_STORAGE
ADDED from src\main\AndroidManifest.xml:6:5-81
	android:name
		ADDED from src\main\AndroidManifest.xml:6:22-78
uses-permission#android.permission.READ_EXTERNAL_STORAGE
ADDED from src\main\AndroidManifest.xml:7:5-80
	android:name
		ADDED from src\main\AndroidManifest.xml:7:22-77
uses-permission#android.permission.RECORD_AUDIO
ADDED from src\main\AndroidManifest.xml:8:5-71
	android:name
		ADDED from src\main\AndroidManifest.xml:8:22-68
uses-feature#android.hardware.camera
ADDED from src\main\AndroidManifest.xml:10:5-12:35
	android:required
		ADDED from src\main\AndroidManifest.xml:12:9-32
	android:name
		ADDED from src\main\AndroidManifest.xml:11:9-47
application
ADDED from src\main\AndroidManifest.xml:14:5-106:19
MERGED from [io.gloxey.cfv:custom-font-views:1.0.2] AndroidManifest.xml:11:5-14:19
MERGED from [io.gloxey.cfv:custom-font-views:1.0.2] AndroidManifest.xml:11:5-14:19
MERGED from [com.github.devlight.navigationtabstrip:navigationtabstrip:1.0.4] AndroidManifest.xml:23:5-27:19
MERGED from [com.github.devlight.navigationtabstrip:navigationtabstrip:1.0.4] AndroidManifest.xml:23:5-27:19
MERGED from [com.firebaseui:firebase-ui:3.3.1] AndroidManifest.xml:13:5-47
MERGED from [com.firebaseui:firebase-ui:3.3.1] AndroidManifest.xml:13:5-47
MERGED from [com.firebaseui:firebase-ui-auth:3.3.1] AndroidManifest.xml:15:5-91:19
MERGED from [com.firebaseui:firebase-ui-auth:3.3.1] AndroidManifest.xml:15:5-91:19
MERGED from [com.sothree.slidinguppanel:library:3.4.0] AndroidManifest.xml:9:5-20
MERGED from [com.sothree.slidinguppanel:library:3.4.0] AndroidManifest.xml:9:5-20
MERGED from [com.google.android.gms:play-services-identity:15.0.1] AndroidManifest.xml:22:5-20
MERGED from [com.google.android.gms:play-services-identity:15.0.1] AndroidManifest.xml:22:5-20
MERGED from [com.google.android.gms:play-services-places:15.0.1] AndroidManifest.xml:22:5-20
MERGED from [com.google.android.gms:play-services-places:15.0.1] AndroidManifest.xml:22:5-20
MERGED from [com.google.firebase:firebase-crash:15.0.2] AndroidManifest.xml:24:5-25:19
MERGED from [com.google.firebase:firebase-crash:15.0.2] AndroidManifest.xml:24:5-25:19
MERGED from [com.google.android.gms:play-services-maps:15.0.1] AndroidManifest.xml:30:5-20
MERGED from [com.google.android.gms:play-services-maps:15.0.1] AndroidManifest.xml:30:5-20
MERGED from [com.google.firebase:firebase-auth:15.1.0] AndroidManifest.xml:22:5-36:19
MERGED from [com.google.firebase:firebase-auth:15.1.0] AndroidManifest.xml:22:5-36:19
MERGED from [com.google.firebase:firebase-core:15.0.2] AndroidManifest.xml:7:5-20
MERGED from [com.google.firebase:firebase-core:15.0.2] AndroidManifest.xml:7:5-20
MERGED from [com.google.firebase:firebase-measurement-connector-impl:15.0.0] AndroidManifest.xml:26:5-32:19
MERGED from [com.google.firebase:firebase-measurement-connector-impl:15.0.0] AndroidManifest.xml:26:5-32:19
MERGED from [com.google.firebase:firebase-analytics:15.0.2] AndroidManifest.xml:28:5-53:19
MERGED from [com.google.firebase:firebase-analytics:15.0.2] AndroidManifest.xml:28:5-53:19
MERGED from [com.google.firebase:firebase-analytics-impl:15.0.2] AndroidManifest.xml:28:5-39:19
MERGED from [com.google.firebase:firebase-analytics-impl:15.0.2] AndroidManifest.xml:28:5-39:19
MERGED from [com.google.firebase:firebase-iid:15.1.0] AndroidManifest.xml:34:5-63:19
MERGED from [com.google.firebase:firebase-iid:15.1.0] AndroidManifest.xml:34:5-63:19
MERGED from [com.google.firebase:firebase-iid-interop:15.0.0] AndroidManifest.xml:7:5-8:19
MERGED from [com.google.firebase:firebase-iid-interop:15.0.0] AndroidManifest.xml:7:5-8:19
MERGED from [com.google.firebase:firebase-auth-interop:15.0.2] AndroidManifest.xml:7:5-8:19
MERGED from [com.google.firebase:firebase-auth-interop:15.0.2] AndroidManifest.xml:7:5-8:19
MERGED from [com.google.android.gms:play-services-auth:15.0.1] AndroidManifest.xml:22:5-37:19
MERGED from [com.google.android.gms:play-services-auth:15.0.1] AndroidManifest.xml:22:5-37:19
MERGED from [com.google.android.gms:play-services-base:15.0.1] AndroidManifest.xml:22:5-27:19
MERGED from [com.google.android.gms:play-services-base:15.0.1] AndroidManifest.xml:22:5-27:19
MERGED from [com.google.firebase:firebase-common:15.0.1] AndroidManifest.xml:7:5-13:19
MERGED from [com.google.firebase:firebase-common:15.0.1] AndroidManifest.xml:7:5-13:19
MERGED from [com.google.android.gms:play-services-tasks:15.0.1] AndroidManifest.xml:7:5-20
MERGED from [com.google.android.gms:play-services-tasks:15.0.1] AndroidManifest.xml:7:5-20
MERGED from [com.google.android.gms:play-services-places-placereport:15.0.1] AndroidManifest.xml:22:5-20
MERGED from [com.google.android.gms:play-services-places-placereport:15.0.1] AndroidManifest.xml:22:5-20
MERGED from [com.google.android.gms:play-services-stats:15.0.1] AndroidManifest.xml:7:5-20
MERGED from [com.google.android.gms:play-services-stats:15.0.1] AndroidManifest.xml:7:5-20
MERGED from [com.google.firebase:firebase-measurement-connector:15.0.0] AndroidManifest.xml:22:5-23:19
MERGED from [com.google.firebase:firebase-measurement-connector:15.0.0] AndroidManifest.xml:22:5-23:19
MERGED from [com.google.android.gms:play-services-ads-identifier:15.0.1] AndroidManifest.xml:22:5-20
MERGED from [com.google.android.gms:play-services-ads-identifier:15.0.1] AndroidManifest.xml:22:5-20
MERGED from [com.google.android.gms:play-services-basement:15.0.1] AndroidManifest.xml:22:5-26:19
MERGED from [com.google.android.gms:play-services-basement:15.0.1] AndroidManifest.xml:22:5-26:19
MERGED from [android.arch.lifecycle:extensions:1.1.0] AndroidManifest.xml:22:5-28:19
MERGED from [android.arch.lifecycle:extensions:1.1.0] AndroidManifest.xml:22:5-28:19
MERGED from [com.github.bumptech.glide:glide:4.6.1] AndroidManifest.xml:11:5-20
MERGED from [com.github.bumptech.glide:glide:4.6.1] AndroidManifest.xml:11:5-20
MERGED from [com.github.bumptech.glide:gifdecoder:4.6.1] AndroidManifest.xml:9:5-20
MERGED from [com.github.bumptech.glide:gifdecoder:4.6.1] AndroidManifest.xml:9:5-20
MERGED from [com.android.support.constraint:constraint-layout:1.1.0] AndroidManifest.xml:9:5-20
MERGED from [com.android.support.constraint:constraint-layout:1.1.0] AndroidManifest.xml:9:5-20
MERGED from [de.hdodenhof:circleimageview:2.0.0] AndroidManifest.xml:9:5-20
MERGED from [de.hdodenhof:circleimageview:2.0.0] AndroidManifest.xml:9:5-20
MERGED from [com.google.android.gms:play-services-measurement-base:15.0.2] AndroidManifest.xml:22:5-20
MERGED from [com.google.android.gms:play-services-measurement-base:15.0.2] AndroidManifest.xml:22:5-20
	android:supportsRtl
		ADDED from src\main\AndroidManifest.xml:21:9-35
	android:label
		ADDED from src\main\AndroidManifest.xml:18:9-41
	android:hardwareAccelerated
		ADDED from src\main\AndroidManifest.xml:16:9-44
	android:roundIcon
		ADDED from src\main\AndroidManifest.xml:20:9-54
	android:largeHeap
		ADDED from src\main\AndroidManifest.xml:19:9-33
	android:icon
		ADDED from src\main\AndroidManifest.xml:17:9-43
	android:allowBackup
		ADDED from src\main\AndroidManifest.xml:15:9-35
	android:theme
		ADDED from src\main\AndroidManifest.xml:22:9-65
provider#android.support.v4.content.FileProvider
ADDED from src\main\AndroidManifest.xml:23:9-31:20
	android:grantUriPermissions
		ADDED from src\main\AndroidManifest.xml:27:13-47
	android:authorities
		ADDED from src\main\AndroidManifest.xml:25:13-67
	android:exported
		ADDED from src\main\AndroidManifest.xml:26:13-37
	android:name
		ADDED from src\main\AndroidManifest.xml:24:13-67
meta-data#android.support.FILE_PROVIDER_PATHS
ADDED from src\main\AndroidManifest.xml:28:13-30:54
	android:resource
		ADDED from src\main\AndroidManifest.xml:30:17-51
	android:name
		ADDED from src\main\AndroidManifest.xml:29:17-67
activity#social.application.main.MainActivity
ADDED from src\main\AndroidManifest.xml:33:9-36:72
	android:label
		ADDED from src\main\AndroidManifest.xml:35:13-45
	android:theme
		ADDED from src\main\AndroidManifest.xml:36:13-69
	android:name
		ADDED from src\main\AndroidManifest.xml:34:13-46
activity#social.application.events.EventsActivity
ADDED from src\main\AndroidManifest.xml:37:9-41:57
	android:label
		ADDED from src\main\AndroidManifest.xml:39:13-58
	android:windowSoftInputMode
		ADDED from src\main\AndroidManifest.xml:41:13-54
	android:theme
		ADDED from src\main\AndroidManifest.xml:40:13-69
	android:name
		ADDED from src\main\AndroidManifest.xml:38:13-50
activity#social.application.explore.ExploreActivity
ADDED from src\main\AndroidManifest.xml:42:9-46:57
	android:label
		ADDED from src\main\AndroidManifest.xml:44:13-59
	android:windowSoftInputMode
		ADDED from src\main\AndroidManifest.xml:46:13-54
	android:theme
		ADDED from src\main\AndroidManifest.xml:45:13-69
	android:name
		ADDED from src\main\AndroidManifest.xml:43:13-52
activity#social.application.following.FollowingActivity
ADDED from src\main\AndroidManifest.xml:47:9-50:72
	android:label
		ADDED from src\main\AndroidManifest.xml:49:13-61
	android:theme
		ADDED from src\main\AndroidManifest.xml:50:13-69
	android:name
		ADDED from src\main\AndroidManifest.xml:48:13-56
activity#social.application.Story.story
ADDED from src\main\AndroidManifest.xml:51:9-54:72
	android:label
		ADDED from src\main\AndroidManifest.xml:53:13-62
	android:theme
		ADDED from src\main\AndroidManifest.xml:54:13-69
	android:name
		ADDED from src\main\AndroidManifest.xml:52:13-40
activity#social.application.personalactivities.PersonalLiveStoryActivity
ADDED from src\main\AndroidManifest.xml:55:9-58:72
	android:label
		ADDED from src\main\AndroidManifest.xml:57:13-71
	android:theme
		ADDED from src\main\AndroidManifest.xml:58:13-69
	android:name
		ADDED from src\main\AndroidManifest.xml:56:13-73
activity#social.application.personalactivities.PersonalEventActivity
ADDED from src\main\AndroidManifest.xml:59:9-62:72
	android:label
		ADDED from src\main\AndroidManifest.xml:61:13-66
	android:theme
		ADDED from src\main\AndroidManifest.xml:62:13-69
	android:name
		ADDED from src\main\AndroidManifest.xml:60:13-69
activity#social.application.personalactivities.PersonalTextActivity
ADDED from src\main\AndroidManifest.xml:70:9-73:72
	android:label
		ADDED from src\main\AndroidManifest.xml:72:13-65
	android:theme
		ADDED from src\main\AndroidManifest.xml:73:13-69
	android:name
		ADDED from src\main\AndroidManifest.xml:71:13-68
activity#social.application.personalactivities.PersonalPhotoVideoActivity
ADDED from src\main\AndroidManifest.xml:74:9-77:72
	android:label
		ADDED from src\main\AndroidManifest.xml:76:13-72
	android:theme
		ADDED from src\main\AndroidManifest.xml:77:13-69
	android:name
		ADDED from src\main\AndroidManifest.xml:75:13-74
activity#social.application.login.Login
ADDED from src\main\AndroidManifest.xml:78:9-84:20
	android:name
		ADDED from src\main\AndroidManifest.xml:78:19-46
intent-filter#action:name:android.intent.action.MAIN+category:name:android.intent.category.LAUNCHER
ADDED from src\main\AndroidManifest.xml:79:13-83:29
action#android.intent.action.MAIN
ADDED from src\main\AndroidManifest.xml:80:17-69
	android:name
		ADDED from src\main\AndroidManifest.xml:80:25-66
category#android.intent.category.LAUNCHER
ADDED from src\main\AndroidManifest.xml:82:17-77
	android:name
		ADDED from src\main\AndroidManifest.xml:82:27-74
activity#social.application.signup.SignUp
ADDED from src\main\AndroidManifest.xml:85:9-87:20
	android:name
		ADDED from src\main\AndroidManifest.xml:85:19-48
activity#social.application.profile.infiniteView
ADDED from src\main\AndroidManifest.xml:88:9-91:72
	android:label
		ADDED from src\main\AndroidManifest.xml:90:13-42
	android:theme
		ADDED from src\main\AndroidManifest.xml:91:13-69
	android:name
		ADDED from src\main\AndroidManifest.xml:89:13-49
meta-data#preloaded_fonts
ADDED from src\main\AndroidManifest.xml:93:9-95:57
	android:resource
		ADDED from src\main\AndroidManifest.xml:95:13-54
	android:name
		ADDED from src\main\AndroidManifest.xml:94:13-43
meta-data#com.google.android.geo.API_KEY
ADDED from src\main\AndroidManifest.xml:96:9-98:61
	android:value
		ADDED from src\main\AndroidManifest.xml:98:13-58
	android:name
		ADDED from src\main\AndroidManifest.xml:97:13-58
activity#social.application.ImagesActivity
ADDED from src\main\AndroidManifest.xml:100:9-52
	android:name
		ADDED from src\main\AndroidManifest.xml:100:19-49
activity#social.application.events.EventViewerActivity
ADDED from src\main\AndroidManifest.xml:101:9-104:72
	android:label
		ADDED from src\main\AndroidManifest.xml:103:13-64
	android:theme
		ADDED from src\main\AndroidManifest.xml:104:13-69
	android:name
		ADDED from src\main\AndroidManifest.xml:102:13-55
activity#social.application.welcomepage.WelcomePage
ADDED from src\main\AndroidManifest.xml:105:9-70
	android:name
		ADDED from src\main\AndroidManifest.xml:105:19-58
uses-sdk
INJECTED from src\main\AndroidManifest.xml reason: use-sdk injection requested
INJECTED from src\main\AndroidManifest.xml
INJECTED from src\main\AndroidManifest.xml
MERGED from [com.github.devlight:infinitecycleviewpager:1.0.2] AndroidManifest.xml:7:5-9:41
MERGED from [com.github.devlight:infinitecycleviewpager:1.0.2] AndroidManifest.xml:7:5-9:41
MERGED from [io.gloxey.cfv:custom-font-views:1.0.2] AndroidManifest.xml:7:5-9:41
MERGED from [io.gloxey.cfv:custom-font-views:1.0.2] AndroidManifest.xml:7:5-9:41
MERGED from [com.github.devlight.navigationtabstrip:navigationtabstrip:1.0.4] AndroidManifest.xml:19:5-21:41
MERGED from [com.github.devlight.navigationtabstrip:navigationtabstrip:1.0.4] AndroidManifest.xml:19:5-21:41
MERGED from [com.firebaseui:firebase-ui:3.3.1] AndroidManifest.xml:7:5-9:41
MERGED from [com.firebaseui:firebase-ui:3.3.1] AndroidManifest.xml:7:5-9:41
MERGED from [com.firebaseui:firebase-ui-auth:3.3.1] AndroidManifest.xml:8:5-10:41
MERGED from [com.firebaseui:firebase-ui-auth:3.3.1] AndroidManifest.xml:8:5-10:41
MERGED from [com.android.support:customtabs:27.1.0] AndroidManifest.xml:20:5-44
MERGED from [com.android.support:customtabs:27.1.0] AndroidManifest.xml:20:5-44
MERGED from [com.android.support:design:27.1.1] AndroidManifest.xml:20:5-44
MERGED from [com.android.support:design:27.1.1] AndroidManifest.xml:20:5-44
MERGED from [com.android.support:appcompat-v7:27.1.1] AndroidManifest.xml:20:5-44
MERGED from [com.android.support:appcompat-v7:27.1.1] AndroidManifest.xml:20:5-44
MERGED from [com.android.support:cardview-v7:27.1.1] AndroidManifest.xml:20:5-44
MERGED from [com.android.support:cardview-v7:27.1.1] AndroidManifest.xml:20:5-44
MERGED from [com.sothree.slidinguppanel:library:3.4.0] AndroidManifest.xml:7:5-44
MERGED from [com.sothree.slidinguppanel:library:3.4.0] AndroidManifest.xml:7:5-44
MERGED from [com.google.android.gms:play-services-identity:15.0.1] AndroidManifest.xml:20:5-44
MERGED from [com.google.android.gms:play-services-identity:15.0.1] AndroidManifest.xml:20:5-44
MERGED from [com.google.android.gms:play-services-places:15.0.1] AndroidManifest.xml:20:5-44
MERGED from [com.google.android.gms:play-services-places:15.0.1] AndroidManifest.xml:20:5-44
MERGED from [com.firebaseui:firebase-ui-database:3.3.1] AndroidManifest.xml:7:5-9:41
MERGED from [com.firebaseui:firebase-ui-database:3.3.1] AndroidManifest.xml:7:5-9:41
MERGED from [com.google.firebase:firebase-database:15.0.0] AndroidManifest.xml:6:5-44
MERGED from [com.google.firebase:firebase-database:15.0.0] AndroidManifest.xml:6:5-44
MERGED from [com.google.firebase:firebase-crash:15.0.2] AndroidManifest.xml:20:5-44
MERGED from [com.google.firebase:firebase-crash:15.0.2] AndroidManifest.xml:20:5-44
MERGED from [com.google.android.gms:play-services-maps:15.0.1] AndroidManifest.xml:20:5-44
MERGED from [com.google.android.gms:play-services-maps:15.0.1] AndroidManifest.xml:20:5-44
MERGED from [com.google.firebase:firebase-auth:15.1.0] AndroidManifest.xml:20:5-44
MERGED from [com.google.firebase:firebase-auth:15.1.0] AndroidManifest.xml:20:5-44
MERGED from [com.google.android.gms:play-services-flags:15.0.1] AndroidManifest.xml:20:5-44
MERGED from [com.google.android.gms:play-services-flags:15.0.1] AndroidManifest.xml:20:5-44
MERGED from [com.google.firebase:firebase-core:15.0.2] AndroidManifest.xml:5:5-44
MERGED from [com.google.firebase:firebase-core:15.0.2] AndroidManifest.xml:5:5-44
MERGED from [com.google.firebase:firebase-measurement-connector-impl:15.0.0] AndroidManifest.xml:20:5-44
MERGED from [com.google.firebase:firebase-measurement-connector-impl:15.0.0] AndroidManifest.xml:20:5-44
MERGED from [com.google.firebase:firebase-database-connection:15.0.0] AndroidManifest.xml:6:5-44
MERGED from [com.google.firebase:firebase-database-connection:15.0.0] AndroidManifest.xml:6:5-44
MERGED from [com.firebaseui:firebase-ui-firestore:3.3.1] AndroidManifest.xml:7:5-9:41
MERGED from [com.firebaseui:firebase-ui-firestore:3.3.1] AndroidManifest.xml:7:5-9:41
MERGED from [com.google.firebase:firebase-firestore:15.0.0] AndroidManifest.xml:6:5-44
MERGED from [com.google.firebase:firebase-firestore:15.0.0] AndroidManifest.xml:6:5-44
MERGED from [com.firebaseui:firebase-ui-storage:3.3.1] AndroidManifest.xml:7:5-9:41
MERGED from [com.firebaseui:firebase-ui-storage:3.3.1] AndroidManifest.xml:7:5-9:41
MERGED from [com.google.firebase:firebase-storage:15.0.2] AndroidManifest.xml:6:5-44
MERGED from [com.google.firebase:firebase-storage:15.0.2] AndroidManifest.xml:6:5-44
MERGED from [com.google.firebase:firebase-analytics:15.0.2] AndroidManifest.xml:20:5-44
MERGED from [com.google.firebase:firebase-analytics:15.0.2] AndroidManifest.xml:20:5-44
MERGED from [com.google.firebase:firebase-analytics-impl:15.0.2] AndroidManifest.xml:20:5-44
MERGED from [com.google.firebase:firebase-analytics-impl:15.0.2] AndroidManifest.xml:20:5-44
MERGED from [com.google.firebase:firebase-iid:15.1.0] AndroidManifest.xml:20:5-44
MERGED from [com.google.firebase:firebase-iid:15.1.0] AndroidManifest.xml:20:5-44
MERGED from [com.google.firebase:firebase-iid-interop:15.0.0] AndroidManifest.xml:5:5-44
MERGED from [com.google.firebase:firebase-iid-interop:15.0.0] AndroidManifest.xml:5:5-44
MERGED from [com.google.firebase:firebase-auth-interop:15.0.2] AndroidManifest.xml:5:5-44
MERGED from [com.google.firebase:firebase-auth-interop:15.0.2] AndroidManifest.xml:5:5-44
MERGED from [com.google.android.gms:play-services-auth:15.0.1] AndroidManifest.xml:20:5-44
MERGED from [com.google.android.gms:play-services-auth:15.0.1] AndroidManifest.xml:20:5-44
MERGED from [com.google.android.gms:play-services-auth-api-phone:15.0.1] AndroidManifest.xml:5:5-44
MERGED from [com.google.android.gms:play-services-auth-api-phone:15.0.1] AndroidManifest.xml:5:5-44
MERGED from [com.google.android.gms:play-services-auth-base:15.0.1] AndroidManifest.xml:5:5-44
MERGED from [com.google.android.gms:play-services-auth-base:15.0.1] AndroidManifest.xml:5:5-44
MERGED from [com.google.android.gms:play-services-base:15.0.1] AndroidManifest.xml:20:5-44
MERGED from [com.google.android.gms:play-services-base:15.0.1] AndroidManifest.xml:20:5-44
MERGED from [com.google.firebase:firebase-common:15.0.1] AndroidManifest.xml:5:5-44
MERGED from [com.google.firebase:firebase-common:15.0.1] AndroidManifest.xml:5:5-44
MERGED from [com.google.android.gms:play-services-tasks:15.0.1] AndroidManifest.xml:5:5-44
MERGED from [com.google.android.gms:play-services-tasks:15.0.1] AndroidManifest.xml:5:5-44
MERGED from [com.google.android.gms:play-services-places-placereport:15.0.1] AndroidManifest.xml:20:5-44
MERGED from [com.google.android.gms:play-services-places-placereport:15.0.1] AndroidManifest.xml:20:5-44
MERGED from [com.google.firebase:firebase-database-collection:15.0.1] AndroidManifest.xml:6:5-44
MERGED from [com.google.firebase:firebase-database-collection:15.0.1] AndroidManifest.xml:6:5-44
MERGED from [com.google.android.gms:play-services-stats:15.0.1] AndroidManifest.xml:5:5-44
MERGED from [com.google.android.gms:play-services-stats:15.0.1] AndroidManifest.xml:5:5-44
MERGED from [com.google.firebase:firebase-measurement-connector:15.0.0] AndroidManifest.xml:20:5-44
MERGED from [com.google.firebase:firebase-measurement-connector:15.0.0] AndroidManifest.xml:20:5-44
MERGED from [com.google.android.gms:play-services-ads-identifier:15.0.1] AndroidManifest.xml:20:5-44
MERGED from [com.google.android.gms:play-services-ads-identifier:15.0.1] AndroidManifest.xml:20:5-44
MERGED from [com.google.firebase:firebase-storage-common:15.0.2] AndroidManifest.xml:6:5-44
MERGED from [com.google.firebase:firebase-storage-common:15.0.2] AndroidManifest.xml:6:5-44
MERGED from [com.google.android.gms:play-services-basement:15.0.1] AndroidManifest.xml:20:5-44
MERGED from [com.google.android.gms:play-services-basement:15.0.1] AndroidManifest.xml:20:5-44
MERGED from [com.android.support:support-v4:27.1.1] AndroidManifest.xml:20:5-44
MERGED from [com.android.support:support-v4:27.1.1] AndroidManifest.xml:20:5-44